# JRE version: Java(TM) SE Runtime Environment (21.0.3+7) (build 21.0.3+7-LTS-152)
# Java VM: Java HotSpot(TM) 64-Bit Server VM (21.0.3+7-LTS-152, mixed mode, sharing, tiered, compressed oops, compressed class ptrs, g1 gc, windows-amd64)
GC Precious Log:
 CardTable entry size: 512
 Card Set container configuration: InlinePtr #cards 5 size 8 Array Of Cards #cards 12 size 40 Howl #buckets 4 coarsen threshold 1843 Howl Bitmap #cards 512 size 80 coarsen threshold 460 Card regions per heap region 1 cards per card region 2048
 CPUs: 16 total, 16 available
 Memory: 5996M
 Large Page Support: Disabled
 NUMA Support: Disabled
 Compressed Oops: Enabled (32-bit)
 Heap Region Size: 1M
 Heap Min Capacity: 8M
 Heap Initial Capacity: 94M
 Heap Max Capacity: 1500M
 Pre-touch: Disabled
 Parallel Workers: 13
 Concurrent Workers: 3
 Concurrent Refinement Workers: 13
 Periodic GC: Disabled
Heap:
 garbage-first heap   total 73728K, used 40808K [0x00000000a2400000, 0x0000000100000000)
  region size 1024K, 14 young (14336K), 4 survivors (4096K)
 Metaspace       used 74033K, committed 74752K, reserved 1114112K
  class space    used 10459K, committed 10752K, reserved 1048576K
GC Heap History (20 events):
Event: 3.112 GC heap before
{Heap before GC invocations=2 (full 0):
 garbage-first heap   total 96256K, used 45224K [0x00000000a2400000, 0x0000000100000000)
  region size 1024K, 39 young (39936K), 3 survivors (3072K)
 Metaspace       used 21068K, committed 21504K, reserved 1114112K
  class space    used 2577K, committed 2816K, reserved 1048576K
}
Event: 3.125 GC heap after
{Heap after GC invocations=3 (full 0):
 garbage-first heap   total 96256K, used 13812K [0x00000000a2400000, 0x0000000100000000)
  region size 1024K, 6 young (6144K), 6 survivors (6144K)
 Metaspace       used 21068K, committed 21504K, reserved 1114112K
  class space    used 2577K, committed 2816K, reserved 1048576K
}
Event: 5.218 GC heap before
{Heap before GC invocations=4 (full 0):
 garbage-first heap   total 51200K, used 50676K [0x00000000a2400000, 0x0000000100000000)
  region size 1024K, 42 young (43008K), 6 survivors (6144K)
 Metaspace       used 28226K, committed 28672K, reserved 1114112K
  class space    used 3568K, committed 3776K, reserved 1048576K
}
Event: 5.238 GC heap after
{Heap after GC invocations=5 (full 0):
 garbage-first heap   total 61440K, used 17411K [0x00000000a2400000, 0x0000000100000000)
  region size 1024K, 7 young (7168K), 7 survivors (7168K)
 Metaspace       used 28226K, committed 28672K, reserved 1114112K
  class space    used 3568K, committed 3776K, reserved 1048576K
}
Event: 6.348 GC heap before
{Heap before GC invocations=5 (full 0):
 garbage-first heap   total 61440K, used 47107K [0x00000000a2400000, 0x0000000100000000)
  region size 1024K, 36 young (36864K), 7 survivors (7168K)
 Metaspace       used 35053K, committed 35648K, reserved 1114112K
  class space    used 4736K, committed 4992K, reserved 1048576K
}
Event: 6.357 GC heap after
{Heap after GC invocations=6 (full 0):
 garbage-first heap   total 61440K, used 20329K [0x00000000a2400000, 0x0000000100000000)
  region size 1024K, 3 young (3072K), 3 survivors (3072K)
 Metaspace       used 35053K, committed 35648K, reserved 1114112K
  class space    used 4736K, committed 4992K, reserved 1048576K
}
Event: 6.412 GC heap before
{Heap before GC invocations=6 (full 0):
 garbage-first heap   total 61440K, used 21353K [0x00000000a2400000, 0x0000000100000000)
  region size 1024K, 5 young (5120K), 3 survivors (3072K)
 Metaspace       used 35391K, committed 35968K, reserved 1114112K
  class space    used 4792K, committed 5056K, reserved 1048576K
}
Event: 6.415 GC heap after
{Heap after GC invocations=7 (full 0):
 garbage-first heap   total 61440K, used 20679K [0x00000000a2400000, 0x0000000100000000)
  region size 1024K, 1 young (1024K), 1 survivors (1024K)
 Metaspace       used 35391K, committed 35968K, reserved 1114112K
  class space    used 4792K, committed 5056K, reserved 1048576K
}
Event: 7.561 GC heap before
{Heap before GC invocations=8 (full 0):
 garbage-first heap   total 61440K, used 50375K [0x00000000a2400000, 0x0000000100000000)
  region size 1024K, 30 young (30720K), 1 survivors (1024K)
 Metaspace       used 44029K, committed 44672K, reserved 1114112K
  class space    used 5983K, committed 6272K, reserved 1048576K
}
Event: 7.565 GC heap after
{Heap after GC invocations=9 (full 0):
 garbage-first heap   total 61440K, used 22968K [0x00000000a2400000, 0x0000000100000000)
  region size 1024K, 3 young (3072K), 3 survivors (3072K)
 Metaspace       used 44029K, committed 44672K, reserved 1114112K
  class space    used 5983K, committed 6272K, reserved 1048576K
}
Event: 8.470 GC heap before
{Heap before GC invocations=9 (full 0):
 garbage-first heap   total 61440K, used 50616K [0x00000000a2400000, 0x0000000100000000)
  region size 1024K, 31 young (31744K), 3 survivors (3072K)
 Metaspace       used 53363K, committed 53952K, reserved 1114112K
  class space    used 7213K, committed 7488K, reserved 1048576K
}
Event: 8.475 GC heap after
{Heap after GC invocations=10 (full 0):
 garbage-first heap   total 61440K, used 24371K [0x00000000a2400000, 0x0000000100000000)
  region size 1024K, 2 young (2048K), 2 survivors (2048K)
 Metaspace       used 53363K, committed 53952K, reserved 1114112K
  class space    used 7213K, committed 7488K, reserved 1048576K
}
Event: 9.379 GC heap before
{Heap before GC invocations=10 (full 0):
 garbage-first heap   total 61440K, used 49971K [0x00000000a2400000, 0x0000000100000000)
  region size 1024K, 28 young (28672K), 2 survivors (2048K)
 Metaspace       used 59530K, committed 60096K, reserved 1114112K
  class space    used 8119K, committed 8384K, reserved 1048576K
}
Event: 9.384 GC heap after
{Heap after GC invocations=11 (full 0):
 garbage-first heap   total 61440K, used 25917K [0x00000000a2400000, 0x0000000100000000)
  region size 1024K, 4 young (4096K), 4 survivors (4096K)
 Metaspace       used 59530K, committed 60096K, reserved 1114112K
  class space    used 8119K, committed 8384K, reserved 1048576K
}
Event: 10.218 GC heap before
{Heap before GC invocations=12 (full 0):
 garbage-first heap   total 61440K, used 51517K [0x00000000a2400000, 0x0000000100000000)
  region size 1024K, 30 young (30720K), 4 survivors (4096K)
 Metaspace       used 64157K, committed 64768K, reserved 1114112K
  class space    used 8954K, committed 9216K, reserved 1048576K
}
Event: 10.224 GC heap after
{Heap after GC invocations=13 (full 0):
 garbage-first heap   total 61440K, used 28141K [0x00000000a2400000, 0x0000000100000000)
  region size 1024K, 4 young (4096K), 4 survivors (4096K)
 Metaspace       used 64157K, committed 64768K, reserved 1114112K
  class space    used 8954K, committed 9216K, reserved 1048576K
}
Event: 10.693 GC heap before
{Heap before GC invocations=13 (full 0):
 garbage-first heap   total 61440K, used 52717K [0x00000000a2400000, 0x0000000100000000)
  region size 1024K, 29 young (29696K), 4 survivors (4096K)
 Metaspace       used 66878K, committed 67456K, reserved 1114112K
  class space    used 9454K, committed 9728K, reserved 1048576K
}
Event: 10.700 GC heap after
{Heap after GC invocations=14 (full 0):
 garbage-first heap   total 61440K, used 29652K [0x00000000a2400000, 0x0000000100000000)
  region size 1024K, 2 young (2048K), 2 survivors (2048K)
 Metaspace       used 66878K, committed 67456K, reserved 1114112K
  class space    used 9454K, committed 9728K, reserved 1048576K
}
Event: 11.545 GC heap before
{Heap before GC invocations=14 (full 0):
 garbage-first heap   total 61440K, used 53204K [0x00000000a2400000, 0x0000000100000000)
  region size 1024K, 25 young (25600K), 2 survivors (2048K)
 Metaspace       used 72073K, committed 72832K, reserved 1114112K
  class space    used 10197K, committed 10560K, reserved 1048576K
}
Event: 11.549 GC heap after
{Heap after GC invocations=15 (full 0):
 garbage-first heap   total 73728K, used 31592K [0x00000000a2400000, 0x0000000100000000)
  region size 1024K, 4 young (4096K), 4 survivors (4096K)
 Metaspace       used 72073K, committed 72832K, reserved 1114112K
  class space    used 10197K, committed 10560K, reserved 1048576K
}

